<?xml version="1.0" encoding="UTF-8"?>
<!-- Generated by org.testng.reporters.JUnitXMLReporter -->
<testsuite hostname="DESKTOP-7306D33" failures="0" tests="3" name="Default test" time="13.959" errors="0" timestamp="27 Aug 2022 20:02:11 GMT">
  <testcase classname="Task.Itqantask" name="open_account_page" time="1.22"/>
  <testcase classname="Task.Itqantask" name="create_new_account" time="0.897"/>
  <testcase classname="Task.Itqantask" name="registration" time="3.837"/>
</testsuite> <!-- Default test -->
