<?xml version="1.0" encoding="UTF-8"?>
<testng-results total="3" passed="3" failed="0" skipped="0">
  <reporter-output>
  </reporter-output>
  <suite started-at="2022-08-27T20:01:57Z" name="Default suite" finished-at="2022-08-27T20:02:11Z" duration-ms="13959">
    <groups>
    </groups>
    <test started-at="2022-08-27T20:01:57Z" name="Default test" finished-at="2022-08-27T20:02:11Z" duration-ms="13959">
      <class name="Task.Itqantask">
        <test-method is-config="true" signature="openurl()[pri:0, instance:Task.Itqantask@28261e8e]" started-at="2022-08-27T22:01:57Z" name="openurl" finished-at="2022-08-27T22:02:05Z" duration-ms="7972" status="PASS">
          <reporter-output>
          </reporter-output>
        </test-method> <!-- openurl -->
        <test-method signature="open_account_page()[pri:0, instance:Task.Itqantask@28261e8e]" started-at="2022-08-27T22:02:05Z" name="open_account_page" finished-at="2022-08-27T22:02:06Z" duration-ms="1220" status="PASS">
          <reporter-output>
          </reporter-output>
        </test-method> <!-- open_account_page -->
        <test-method signature="create_new_account()[pri:0, instance:Task.Itqantask@28261e8e]" started-at="2022-08-27T22:02:06Z" name="create_new_account" finished-at="2022-08-27T22:02:07Z" duration-ms="897" status="PASS">
          <reporter-output>
          </reporter-output>
        </test-method> <!-- create_new_account -->
        <test-method signature="registration()[pri:0, instance:Task.Itqantask@28261e8e]" started-at="2022-08-27T22:02:07Z" name="registration" finished-at="2022-08-27T22:02:11Z" duration-ms="3837" status="PASS">
          <reporter-output>
          </reporter-output>
        </test-method> <!-- registration -->
      </class> <!-- Task.Itqantask -->
    </test> <!-- Default test -->
  </suite> <!-- Default suite -->
</testng-results>
